build/app/outputs/mapping/release/configuration.txt
# The proguard configuration file for the following section is intermediates\proguard-files\proguard-android.txt-4.1.0
# This is a configuration file for ProGuard.
# http://proguard.sourceforge.net/index.html#manual/usage.html
#
# Starting with version 2.2 of the Android plugin for Gradle, this file is distributed together with
# the plugin and unpacked at build-time. The files in $ANDROID_HOME are no longer maintained and
# will be ignored by new version of the Android plugin for Gradle.

# Optimization is turned off by default. Dex does not like code run
# through the ProGuard optimize steps (and performs some
# of these optimizations on its own).
# Note that if you want to enable optimization, you cannot just
# include optimization flags in your own project configuration file;
# instead you will need to point to the
# "proguard-android-optimize.txt" file instead of this one from your
# project.properties file.
-dontoptimize

-dontusemixedcaseclassnames
-dontskipnonpubliclibraryclasses
-verbose

# Preserve some attributes that may be required for reflection.
-keepattributes *Annotation*,Signature,InnerClasses,EnclosingMethod

-keep public class com.google.vending.licensing.ILicensingService
-keep public class com.android.vending.licensing.ILicensingService
-keep public class com.google.android.vending.licensing.ILicensingService
-dontnote com.android.vending.licensing.ILicensingService
-dontnote com.google.vending.licensing.ILicensingService
-dontnote com.google.android.vending.licensing.ILicensingService

# For native methods, see http://proguard.sourceforge.net/manual/examples.html#native
-keepclasseswithmembernames,includedescriptorclasses class * {
    native <methods>;
}

# Keep setters in Views so that animations can still work.
-keepclassmembers public class * extends android.view.View {
    void set*(***);
    *** get*();
}

# We want to keep methods in Activity that could be used in the XML attribute onClick.
-keepclassmembers class * extends android.app.Activity {
    public void *(android.view.View);
}

# For enumeration classes, see http://proguard.sourceforge.net/manual/examples.html#enumerations
-keepclassmembers enum * {
    public static **[] values();
    public static ** valueOf(java.lang.String);
}

-keepclassmembers class * implements android.os.Parcelable {
    public static final ** CREATOR;
}

# Preserve annotated Javascript interface methods.
-keepclassmembers class * {
    @android.webkit.JavascriptInterface <methods>;
}

# The support libraries contains references to newer platform versions.
# Don't warn about those in case this app is linking against an older
# platform version. We know about them, and they are safe.
-dontnote android.support.**
-dontnote androidx.**
-dontwarn android.support.**
-dontwarn androidx.**

# This class is deprecated, but remains for backward compatibility.
-dontwarn android.util.FloatMath

# Understand the @Keep support annotation.
-keep class android.support.annotation.Keep
-keep class androidx.annotation.Keep

-keep @android.support.annotation.Keep class * {*;}
-keep @androidx.annotation.Keep class * {*;}

-keepclasseswithmembers class * {
    @android.support.annotation.Keep <methods>;
}

-keepclasseswithmembers class * {
    @androidx.annotation.Keep <methods>;
}

-keepclasseswithmembers class * {
    @android.support.annotation.Keep <fields>;
}

-keepclasseswithmembers class * {
    @androidx.annotation.Keep <fields>;
}

-keepclasseswithmembers class * {
    @android.support.annotation.Keep <init>(...);
}

-keepclasseswithmembers class * {
    @androidx.annotation.Keep <init>(...);
}

# These classes are duplicated between android.jar and org.apache.http.legacy.jar.
-dontnote org.apache.http.**
-dontnote android.net.http.**

# These classes are duplicated between android.jar and core-lambda-stubs.jar.
-dontnote java.lang.invoke.**

# End of content from intermediates\proguard-files\proguard-android.txt-4.1.0
# The proguard configuration file for the following section is flutter_tools\gradle\flutter_proguard_rules.pro
# Build the ephemeral app in a module project.
# Prevents: Warning: library class <plugin-package> depends on program class io.flutter.plugin.**
# This is due to plugins (libraries) depending on the embedding (the program jar)
-dontwarn io.flutter.plugin.**

# The android.** package is provided by the OS at runtime.
-dontwarn android.**

# End of content from flutter_tools\gradle\flutter_proguard_rules.pro
# The proguard configuration file for the following section is aapt_proguard_file\release\aapt_rules.txt
-keep class androidx.core.app.CoreComponentFactory { <init>(); }
-keep class com.example.mobile_customer.MainActivity { <init>(); }
-keep class com.google.android.datatransport.runtime.backends.TransportBackendDiscovery { <init>(); }
-keep class com.google.android.datatransport.runtime.scheduling.jobscheduling.AlarmManagerSchedulerBroadcastReceiver { <init>(); }
-keep class com.google.android.datatransport.runtime.scheduling.jobscheduling.JobInfoSchedulerService { <init>(); }
-keep class com.google.android.gms.auth.api.signin.RevocationBoundService { <init>(); }
-keep class com.google.android.gms.auth.api.signin.internal.SignInHubActivity { <init>(); }
-keep class com.google.android.gms.common.api.GoogleApiActivity { <init>(); }
-keep class com.google.android.gms.measurement.AppMeasurementJobService { <init>(); }
-keep class com.google.android.gms.measurement.AppMeasurementReceiver { <init>(); }
-keep class com.google.android.gms.measurement.AppMeasurementService { <init>(); }
-keep class com.google.firebase.auth.api.fallback.service.FirebaseAuthFallbackService { <init>(); }
-keep class com.google.firebase.auth.internal.GenericIdpActivity { <init>(); }
-keep class com.google.firebase.auth.internal.RecaptchaActivity { <init>(); }
-keep class com.google.firebase.components.ComponentDiscoveryService { <init>(); }
-keep class com.google.firebase.iid.FirebaseInstanceIdReceiver { <init>(); }
-keep class com.google.firebase.messaging.FirebaseMessagingService { <init>(); }
-keep class com.google.firebase.provider.FirebaseInitProvider { <init>(); }
-keep class io.flutter.plugins.firebase.messaging.FlutterFirebaseMessagingBackgroundService { <init>(); }
-keep class io.flutter.plugins.firebase.messaging.FlutterFirebaseMessagingInitProvider { <init>(); }
-keep class io.flutter.plugins.firebase.messaging.FlutterFirebaseMessagingReceiver { <init>(); }
-keep class io.flutter.plugins.firebase.messaging.FlutterFirebaseMessagingService { <init>(); }
-keep class androidx.browser.browseractions.BrowserActionsFallbackMenuView { <init>(android.content.Context, android.util.AttributeSet); }


# End of content from aapt_proguard_file\release\aapt_rules.txt
# The proguard configuration file for the following section is 1b7e2c65dc6242d3a9705651cfd68329\jetified-firebase-messaging-22.0.0\proguard.txt
# Analytics library is optional.
# Access to this class is protected by try/catch(NoClassDefFoundError e)
# b/35686744 Don't fail during proguard if the class is missing from the APK.
-dontwarn com.google.android.gms.measurement.AppMeasurement*

# End of content from 1b7e2c65dc6242d3a9705651cfd68329\jetified-firebase-messaging-22.0.0\proguard.txt
# The proguard configuration file for the following section is d505102d802196baf48f57dd07927d29\jetified-transport-backend-cct-3.0.0\proguard.txt
-dontwarn com.google.auto.value.AutoValue
-dontwarn com.google.auto.value.AutoValue$Builder

# End of content from d505102d802196baf48f57dd07927d29\jetified-transport-backend-cct-3.0.0\proguard.txt
# The proguard configuration file for the following section is 3de9b98863cd05292ddc5bb76dbb2818\jetified-firebase-encoders-json-18.0.0\proguard.txt

# End of content from 3de9b98863cd05292ddc5bb76dbb2818\jetified-firebase-encoders-json-18.0.0\proguard.txt
# The proguard configuration file for the following section is cb85e813550ceb859d5d8655b705694f\jetified-firebase-auth-21.0.1\proguard.txt
-dontwarn com.google.appengine.api.**
-dontwarn okio.**
-dontwarn org.apache.**
-dontwarn retrofit.android.**
-dontwarn retrofit.appengine.**
-dontwarn retrofit.client.**
-dontwarn rx.**

# This is necessary for keeping SecureTokenHttpApi and IdentityToolkitHttpApi
# Otherwise those classes get stripped out, as they are only being used
# reflectively.

-keepclasseswithmembernames interface * {
    @retrofit.http.* <methods>;
}

# We keep all fields for every generated proto file as the runtime uses
# reflection over them that ProGuard cannot detect. Without this keep
# rule, fields may be removed that would cause runtime failures.
-keepclassmembers class * extends com.google.android.gms.internal.firebase-auth-api.zzzw {
  <fields>;
}

# End of content from cb85e813550ceb859d5d8655b705694f\jetified-firebase-auth-21.0.1\proguard.txt
# The proguard configuration file for the following section is e4186c293950d73169b2437483bf0308\jetified-firebase-firestore-23.0.3\proguard.txt
# Needed for DNS resolution.  Present in OpenJDK, but not Android
-dontwarn javax.naming.**

# Don't warn about checkerframework
#
# Guava uses the checkerframework and the annotations
# can safely be ignored at runtime.
-dontwarn org.checkerframework.**

# Guava warnings:
-dontwarn java.lang.ClassValue
-dontwarn com.google.j2objc.annotations.Weak
-dontwarn org.codehaus.mojo.animal_sniffer.IgnoreJRERequirement
-dontwarn javax.lang.model.element.Modifier

# Okhttp warnings.
-dontwarn okio.**
-dontwarn com.google.j2objc.annotations.**

# End of content from e4186c293950d73169b2437483bf0308\jetified-firebase-firestore-23.0.3\proguard.txt
# The proguard configuration file for the following section is d3490d9d81ebe2d7174eb29e4a32f867\jetified-play-services-measurement-api-19.0.1\proguard.txt
# Can be removed once we pull in a dependency on firebase-common that includes
# https://github.com/firebase/firebase-android-sdk/pull/1472/commits/856f1ca1151cdd88679bbc778892f23dfa34fc06#diff-a2ed34b5a38b4c6c686b09e54865eb48
-dontwarn com.google.auto.value.AutoValue
-dontwarn com.google.auto.value.AutoValue$Builder

# We keep all fields for every generated proto file as the runtime uses
# reflection over them that ProGuard cannot detect. Without this keep
# rule, fields may be removed that would cause runtime failures.
-keepclassmembers class * extends com.google.android.gms.internal.measurement.zzjz {
  <fields>;
}

# End of content from d3490d9d81ebe2d7174eb29e4a32f867\jetified-play-services-measurement-api-19.0.1\proguard.txt
# The proguard configuration file for the following section is 2b298d710992f12b9e2e0e6710dea16b\jetified-firebase-auth-interop-20.0.0\proguard.txt
# Can be removed once we pull in a dependency on firebase-common that includes
# https://github.com/firebase/firebase-android-sdk/pull/1472/commits/856f1ca1151cdd88679bbc778892f23dfa34fc06#diff-a2ed34b5a38b4c6c686b09e54865eb48
-dontwarn com.google.auto.value.AutoValue
-dontwarn com.google.auto.value.AutoValue$Builder

# End of content from 2b298d710992f12b9e2e0e6710dea16b\jetified-firebase-auth-interop-20.0.0\proguard.txt
# The proguard configuration file for the following section is e8c12af64c0d197211b7d090cb61cdf8\jetified-firebase-common-20.0.0\proguard.txt
-dontwarn com.google.firebase.platforminfo.KotlinDetector
-dontwarn com.google.auto.value.AutoValue
-dontwarn com.google.auto.value.AutoValue$Builder

# End of content from e8c12af64c0d197211b7d090cb61cdf8\jetified-firebase-common-20.0.0\proguard.txt
# The proguard configuration file for the following section is fab04ee24fe55a0a1085acb444b16abc\jetified-exoplayer-core-2.14.1\proguard.txt
# Proguard rules specific to the core module.

# Constant folding for resource integers may mean that a resource passed to this method appears to be unused. Keep the method to prevent this from happening.
-keepclassmembers class com.google.android.exoplayer2.upstream.RawResourceDataSource {
  public static android.net.Uri buildRawResourceUri(int);
}

# Constructors accessed via reflection in DefaultRenderersFactory
-dontnote com.google.android.exoplayer2.ext.vp9.LibvpxVideoRenderer
-keepclassmembers class com.google.android.exoplayer2.ext.vp9.LibvpxVideoRenderer {
  <init>(long, android.os.Handler, com.google.android.exoplayer2.video.VideoRendererEventListener, int);
}
-dontnote com.google.android.exoplayer2.ext.av1.Libgav1VideoRenderer
-keepclassmembers class com.google.android.exoplayer2.ext.av1.Libgav1VideoRenderer {
  <init>(long, android.os.Handler, com.google.android.exoplayer2.video.VideoRendererEventListener, int);
}
-dontnote com.google.android.exoplayer2.ext.opus.LibopusAudioRenderer
-keepclassmembers class com.google.android.exoplayer2.ext.opus.LibopusAudioRenderer {
  <init>(android.os.Handler, com.google.android.exoplayer2.audio.AudioRendererEventListener, com.google.android.exoplayer2.audio.AudioSink);
}
-dontnote com.google.android.exoplayer2.ext.flac.LibflacAudioRenderer
-keepclassmembers class com.google.android.exoplayer2.ext.flac.LibflacAudioRenderer {
  <init>(android.os.Handler, com.google.android.exoplayer2.audio.AudioRendererEventListener, com.google.android.exoplayer2.audio.AudioSink);
}
-dontnote com.google.android.exoplayer2.ext.ffmpeg.FfmpegAudioRenderer
-keepclassmembers class com.google.android.exoplayer2.ext.ffmpeg.FfmpegAudioRenderer {
  <init>(android.os.Handler, com.google.android.exoplayer2.audio.AudioRendererEventListener, com.google.android.exoplayer2.audio.AudioSink);
}

# Constructors accessed via reflection in DefaultDataSource
-dontnote com.google.android.exoplayer2.ext.rtmp.RtmpDataSource
-keepclassmembers class com.google.android.exoplayer2.ext.rtmp.RtmpDataSource {
  <init>();
}

# Constructors accessed via reflection in DefaultDownloaderFactory
-dontnote com.google.android.exoplayer2.source.dash.offline.DashDownloader
-keepclassmembers class com.google.android.exoplayer2.source.dash.offline.DashDownloader {
  <init>(com.google.android.exoplayer2.MediaItem, com.google.android.exoplayer2.upstream.cache.CacheDataSource$Factory, java.util.concurrent.Executor);
}
-dontnote com.google.android.exoplayer2.source.hls.offline.HlsDownloader
-keepclassmembers class com.google.android.exoplayer2.source.hls.offline.HlsDownloader {
  <init>(com.google.android.exoplayer2.MediaItem, com.google.android.exoplayer2.upstream.cache.CacheDataSource$Factory, java.util.concurrent.Executor);
}
-dontnote com.google.android.exoplayer2.source.smoothstreaming.offline.SsDownloader
-keepclassmembers class com.google.android.exoplayer2.source.smoothstreaming.offline.SsDownloader {
  <init>(com.google.android.exoplayer2.MediaItem, com.google.android.exoplayer2.upstream.cache.CacheDataSource$Factory, java.util.concurrent.Executor);
}

# Constructors accessed via reflection in DefaultMediaSourceFactory
-dontnote com.google.android.exoplayer2.source.dash.DashMediaSource$Factory
-keepclasseswithmembers class com.google.android.exoplayer2.source.dash.DashMediaSource$Factory {
  <init>(com.google.android.exoplayer2.upstream.DataSource$Factory);
}
-dontnote com.google.android.exoplayer2.source.hls.HlsMediaSource$Factory
-keepclasseswithmembers class com.google.android.exoplayer2.source.hls.HlsMediaSource$Factory {
  <init>(com.google.android.exoplayer2.upstream.DataSource$Factory);
}
-dontnote com.google.android.exoplayer2.source.smoothstreaming.SsMediaSource$Factory
-keepclasseswithmembers class com.google.android.exoplayer2.source.smoothstreaming.SsMediaSource$Factory {
  <init>(com.google.android.exoplayer2.upstream.DataSource$Factory);
}
-dontnote com.google.android.exoplayer2.source.rtsp.RtspMediaSource$Factory
-keepclasseswithmembers class com.google.android.exoplayer2.source.rtsp.RtspMediaSource$Factory {
  <init>();
}

# End of content from fab04ee24fe55a0a1085acb444b16abc\jetified-exoplayer-core-2.14.1\proguard.txt
# The proguard configuration file for the following section is df3f69fd7600987b904c6335e6ca0b86\jetified-play-services-measurement-19.0.1\proguard.txt
# We keep all fields for every generated proto file as the runtime uses
# reflection over them that ProGuard cannot detect. Without this keep
# rule, fields may be removed that would cause runtime failures.
-keepclassmembers class * extends com.google.android.gms.internal.measurement.zzjz {
  <fields>;
}

# End of content from df3f69fd7600987b904c6335e6ca0b86\jetified-play-services-measurement-19.0.1\proguard.txt
# The proguard configuration file for the following section is a318bc689e6d6b14eedf132bf83a2bec\jetified-play-services-measurement-sdk-19.0.1\proguard.txt
# We keep all fields for every generated proto file as the runtime uses
# reflection over them that ProGuard cannot detect. Without this keep
# rule, fields may be removed that would cause runtime failures.
-keepclassmembers class * extends com.google.android.gms.internal.measurement.zzjz {
  <fields>;
}

# End of content from a318bc689e6d6b14eedf132bf83a2bec\jetified-play-services-measurement-sdk-19.0.1\proguard.txt
# The proguard configuration file for the following section is cb03f219aa331ce5ad4978f1f16e61c3\jetified-play-services-measurement-impl-19.0.1\proguard.txt
# We keep all fields for every generated proto file as the runtime uses
# reflection over them that ProGuard cannot detect. Without this keep
# rule, fields may be removed that would cause runtime failures.
-keepclassmembers class * extends com.google.android.gms.internal.measurement.zzjz {
  <fields>;
}

# End of content from cb03f219aa331ce5ad4978f1f16e61c3\jetified-play-services-measurement-impl-19.0.1\proguard.txt
# The proguard configuration file for the following section is 0813e45a0b3806629b40dbeb70c75a60\jetified-play-services-base-17.1.0\proguard.txt
# b/35135904 Ensure that proguard will not strip the mResultGuardian.
-keepclassmembers class com.google.android.gms.common.api.internal.BasePendingResult {
  com.google.android.gms.common.api.internal.BasePendingResult$ReleasableResultGuardian mResultGuardian;
}

# End of content from 0813e45a0b3806629b40dbeb70c75a60\jetified-play-services-base-17.1.0\proguard.txt
# The proguard configuration file for the following section is 01a549565533bf1854b9374d6919dd72\jetified-play-services-measurement-sdk-api-19.0.1\proguard.txt
# We keep all fields for every generated proto file as the runtime uses
# reflection over them that ProGuard cannot detect. Without this keep
# rule, fields may be removed that would cause runtime failures.
-keepclassmembers class * extends com.google.android.gms.internal.measurement.zzjz {
  <fields>;
}

# End of content from 01a549565533bf1854b9374d6919dd72\jetified-play-services-measurement-sdk-api-19.0.1\proguard.txt
# The proguard configuration file for the following section is d1be7accfade4caf33bc45801a7ddce6\jetified-play-services-measurement-base-19.0.1\proguard.txt
# We keep all fields for every generated proto file as the runtime uses
# reflection over them that ProGuard cannot detect. Without this keep
# rule, fields may be removed that would cause runtime failures.
-keepclassmembers class * extends com.google.android.gms.internal.measurement.zzjz {
  <fields>;
}

# End of content from d1be7accfade4caf33bc45801a7ddce6\jetified-play-services-measurement-base-19.0.1\proguard.txt
# The proguard configuration file for the following section is 14e561dfe998324f0993f7eed2935f20\jetified-play-services-basement-17.1.0\proguard.txt
# Proguard flags for consumers of the Google Play services SDK
# https://developers.google.com/android/guides/setup#add_google_play_services_to_your_project

# Keep SafeParcelable NULL value, needed for reflection by DowngradeableSafeParcel
-keepclassmembers public class com.google.android.gms.common.internal.safeparcel.SafeParcelable {
    public static final *** NULL;
}

# Needed for Parcelable/SafeParcelable classes & their creators to not get renamed, as they are
# found via reflection.
-keep class com.google.android.gms.common.internal.ReflectedParcelable