build/app/outputs/mapping/release/seeds.txt
com.google.android.gms.internal.firebase-auth-api.zzez: com.google.android.gms.internal.firebase-auth-api.zzff zze
io.flutter.plugin.editing.ImeSyncDeferringInsetsCallback$AnimationCallback: void onPrepare(android.view.WindowInsetsAnimation)
com.google.firestore.v1.BatchGetDocumentsRequest: int DATABASE_FIELD_NUMBER
io.flutter.embedding.android.FlutterTextureView: io.flutter.embedding.engine.renderer.FlutterRenderer getAttachedRenderer()
com.google.firebase.messaging.RemoteMessage: android.os.Parcelable$Creator CREATOR
com.google.android.gms.internal.measurement.zzes: com.google.android.gms.internal.measurement.zzes zza
com.google.android.gms.internal.measurement.zzgh: double zzk
com.google.android.exoplayer2.metadata.mp4.MotionPhotoMetadata: android.os.Parcelable$Creator CREATOR
com.google.firestore.v1.DocumentTransform$FieldTransform$ServerValue: com.google.firestore.v1.DocumentTransform$FieldTransform$ServerValue valueOf(java.lang.String)
io.flutter.plugins.firebase.messaging.FlutterFirebaseMessagingBackgroundService
com.google.firestore.v1.Precondition: java.lang.Object conditionType_
io.flutter.embedding.engine.FlutterOverlaySurface
io.grpc.okhttp.internal.framed.ErrorCode: io.grpc.okhttp.internal.framed.ErrorCode valueOf(java.lang.String)
com.google.android.gms.internal.firebase-auth-api.zzjq: com.google.android.gms.internal.firebase-auth-api.zzyu zzf
com.google.android.gms.internal.firebase-auth-api.zzjt: com.google.android.gms.internal.firebase-auth-api.zzjt zzb
io.flutter.embedding.engine.FlutterJNI: void ensureRunningOnMainThread()
io.flutter.embedding.engine.FlutterJNI: void invokePlatformMessageResponseCallback(int,java.nio.ByteBuffer,int)
com.google.firebase.firestore.proto.MaybeDocument: boolean hasCommittedMutations_
com.google.firestore.v1.BatchGetDocumentsRequest: int TRANSACTION_FIELD_NUMBER
com.google.android.gms.internal.measurement.zzfe: int zze
com.google.firestore.v1.Write: int VERIFY_FIELD_NUMBER
io.flutter.embedding.android.FlutterView
io.flutter.embedding.android.FlutterImageView$SurfaceKind: io.flutter.embedding.android.FlutterImageView$SurfaceKind valueOf(java.lang.String)
com.google.firestore.v1.ExistenceFilter: int count_
com.google.firestore.v1.DocumentMask: int FIELD_PATHS_FIELD_NUMBER
com.google.firebase.firestore.proto.MaybeDocument: int HAS_COMMITTED_MUTATIONS_FIELD_NUMBER
com.google.firestore.v1.StructuredQuery$Order: com.google.protobuf.Parser PARSER
com.google.firestore.v1.StructuredQuery$CollectionSelector
com.google.android.gms.internal.measurement.zzfy: java.lang.String zzp
com.google.protobuf.Any: com.google.protobuf.Parser PARSER
com.google.android.gms.safetynet.zzd: android.os.Parcelable$Creator CREATOR
com.google.firebase.auth.PhoneMultiFactorInfo: android.os.Parcelable$Creator CREATOR
com.google.android.gms.internal.measurement.zzgb: int zze
com.google.android.gms.common.internal.ResolveAccountRequest: android.os.Parcelable$Creator CREATOR
io.flutter.embedding.engine.mutatorsstack.FlutterMutatorsStack$FlutterMutatorType: io.flutter.embedding.engine.mutatorsstack.FlutterMutatorsStack$FlutterMutatorType[] values()
com.google.android.gms.common.internal.ReflectedParcelable
com.google.android.gms.measurement.AppMeasurementReceiver: AppMeasurementReceiver()
com.google.common.collect.AbstractIterator$State: com.google.common.collect.AbstractIterator$State[] values()
com.google.protobuf.GeneratedMessageLite$MethodToInvoke: com.google.protobuf.GeneratedMessageLite$MethodToInvoke valueOf(java.lang.String)
com.google.android.datatransport.runtime.backends.TransportBackendDiscovery: TransportBackendDiscovery()
com.google.android.gms.internal.firebase-auth-api.zzhz: com.google.android.gms.internal.firebase-auth-api.zzhz zzb
com.google.android.gms.internal.measurement.zzfi: com.google.android.gms.internal.measurement.zzfi zza
io.flutter.embedding.engine.systemchannels.PlatformChannel$Brightness: io.flutter.embedding.engine.systemchannels.PlatformChannel$Brightness valueOf(java.lang.String)