build/app/outputs/mapping/release/mapping.txt
# compiler: R8
# compiler_version: 2.1.62
# min_api: 21
# pg_map_id: 4dd6644
# common_typos_disable
...
com.google.android.gms.auth.api.signin.internal.SignInConfiguration -> com.google.android.gms.auth.api.signin.internal.SignInConfiguration:
    java.lang.String zzbr -> l
    com.google.android.gms.auth.api.signin.GoogleSignInOptions zzbs -> m
    com.google.android.gms.auth.api.signin.GoogleSignInOptions zzm() -> O0
com.google.android.gms.auth.api.signin.internal.SignInHubActivity -> com.google.android.gms.auth.api.signin.internal.SignInHubActivity:
    android.content.Intent zzby -> E
    com.google.android.gms.auth.api.signin.internal.SignInConfiguration zzbv -> B
    boolean zzbt -> F
    int zzbx -> D
    boolean zzbu -> A
    boolean zzbw -> C
    android.content.Intent zzd(com.google.android.gms.auth.api.signin.internal.SignInHubActivity) -> A
    void zzn() -> B
    int zzc(com.google.android.gms.auth.api.signin.internal.SignInHubActivity) -> y
    void zzc(int) -> z
com.google.android.gms.auth.api.signin.internal.SignInHubActivity$zzc -> com.google.android.gms.auth.api.signin.internal.SignInHubActivity$a:
    com.google.android.gms.auth.api.signin.internal.SignInHubActivity zzbz -> a
    void onLoadFinished(androidx.loader.content.Loader,java.lang.Object) -> a
    androidx.loader.content.Loader onCreateLoader(int,android.os.Bundle) -> b
    void onLoaderReset(androidx.loader.content.Loader) -> c
com.google.android.gms.auth.api.signin.internal.Storage -> com.google.android.gms.auth.api.signin.internal.c:
    android.content.SharedPreferences zaal -> b
    com.google.android.gms.auth.api.signin.internal.Storage zaaj -> d
    java.util.concurrent.locks.Lock zaak -> a
    java.util.concurrent.locks.Lock zaai -> c
    void clear() -> a
    com.google.android.gms.auth.api.signin.internal.Storage getInstance(android.content.Context) -> b
    com.google.android.gms.auth.api.signin.GoogleSignInAccount getSavedDefaultGoogleSignInAccount() -> c
    com.google.android.gms.auth.api.signin.GoogleSignInOptions getSavedDefaultGoogleSignInOptions() -> d
    java.lang.String getSavedRefreshToken() -> e
    void saveDefaultGoogleSignInAccount(com.google.android.gms.auth.api.signin.GoogleSignInAccount,com.google.android.gms.auth.api.signin.GoogleSignInOptions) -> f
    void zaa(java.lang.String,java.lang.String) -> g
    java.lang.String zab(java.lang.String,java.lang.String) -> h
    com.google.android.gms.auth.api.signin.GoogleSignInAccount zad(java.lang.String) -> i
    com.google.android.gms.auth.api.signin.GoogleSignInOptions zae(java.lang.String) -> j
    java.lang.String zaf(java.lang.String) -> k
    void zaf() -> l
    void zag(java.lang.String) -> m
com.google.android.gms.auth.api.signin.internal.zaa -> com.google.android.gms.auth.api.signin.internal.d:
com.google.android.gms.auth.api.signin.internal.zzc -> com.google.android.gms.auth.api.signin.internal.e:
    void zzc(com.google.android.gms.auth.api.signin.GoogleSignInAccount,com.google.android.gms.common.api.Status) -> F0
    void zze(com.google.android.gms.common.api.Status) -> I
    void zzf(com.google.android.gms.common.api.Status) -> g0
com.google.android.gms.auth.api.signin.internal.zzd -> com.google.android.gms.auth.api.signin.internal.f:
    java.lang.String zzbe -> l
    com.google.android.gms.common.logging.Logger zzbd -> n
    com.google.android.gms.common.api.internal.StatusPendingResult zzbf -> m
    com.google.android.gms.common.api.PendingResult zzc(java.lang.String) -> a
com.google.android.gms.auth.api.signin.internal.zze -> com.google.android.gms.auth.api.signin.internal.g:
    java.util.concurrent.Semaphore zzbg -> o
    java.util.Set zzbh -> p
    java.lang.Object loadInBackground() -> B
    java.lang.Void zzf() -> E
    void onComplete() -> a
    void onStartLoading() -> p
com.google.android.gms.auth.api.signin.internal.zzf -> com.google.android.gms.auth.api.signin.internal.h:
    com.google.android.gms.common.api.PendingResult revokeAccess(com.google.android.gms.common.api.GoogleApiClient) -> a