build/app/outputs/mapping/release/usage.txt
kotlin.annotation.Target
com.google.android.exoplayer2.HeartRating:
    public boolean isRated()
    public boolean isHeart()
    public android.os.Bundle toBundle()
    private static final int TYPE
    private static final int FIELD_RATED
    private static final int FIELD_IS_HEART
com.google.android.datatransport.runtime.time.TestClock
com.google.common.collect.Sets$PowerSet$1
com.google.android.gms.common.data.DataBufferIterator
kotlin.coroutines.ContinuationInterceptor$DefaultImpls
kotlin.jvm.Transient
com.google.api.AuthRequirementOrBuilder
io.flutter.plugins.firebase.auth.R$styleable
com.google.common.reflect.Types$NativeTypeVariableEquals
io.grpc.okhttp.OkHttpClientTransport$2:
    public io.grpc.internal.TransportTracer$FlowControlWindows read()
com.google.android.gms.internal.auth-api-phone.zze
com.google.firebase.firestore.core.ListenSequence:
    public static final long INVALID
com.google.android.exoplayer2.upstream.cache.CacheWriter
com.google.common.collect.AbstractListMultimap:
    abstract java.util.List createCollection()
    java.util.List createUnmodifiableEmptyCollection()
    public java.util.List get(java.lang.Object)
    public java.util.List removeAll(java.lang.Object)
    public java.util.List replaceValues(java.lang.Object,java.lang.Iterable)
    public synthetic bridge java.util.Collection get(java.lang.Object)
    public synthetic bridge java.util.Collection removeAll(java.lang.Object)
    public synthetic bridge java.util.Collection replaceValues(java.lang.Object,java.lang.Iterable)
    synthetic bridge java.util.Collection createCollection()
    synthetic bridge java.util.Collection createUnmodifiableEmptyCollection()
    private static final long serialVersionUID
com.google.common.util.concurrent.ExecutionSequencer$1
androidx.core.graphics.TypefaceCompatUtil
com.google.common.math.LinearTransformation$LinearTransformationBuilder
io.grpc.ForwardingClientCall:
    public synthetic bridge io.grpc.Attributes getAttributes()
    public synthetic bridge boolean isReady()
    public synthetic bridge void setMessageCompression(boolean)
    public synthetic bridge void cancel(java.lang.String,java.lang.Throwable)
io.grpc.internal.AbstractServerImplBuilder$DefaultFallbackRegistry
com.google.common.cache.RemovalNotification
com.google.common.reflect.TypeToken$TypeCollector$4
com.google.android.gms.internal.firebase-auth-api.zzik:
    static void <clinit>()
    static final synthetic int[] zza
com.google.protobuf.UInt64Value$1
com.google.android.gms.common.sqlite.CursorWrapper
com.google.common.io.ByteSink
com.google.api.BackendRule$PathTranslation$1
com.google.firebase.R$layout
androidx.versionedparcelable.ParcelUtils
io.grpc.util.TransmitStatusRuntimeExceptionInterceptor$SerializingServerCall$2
com.google.android.gms.common.internal.AccountType
kotlin.reflect.KType$DefaultImpls
com.google.common.collect.AbstractBiMap
com.google.gson.JsonParser
kotlin.collections.unsigned.UArraysKt___UArraysJvmKt$asList$4
kotlin.text.CharsKt
com.google.android.datatransport.runtime.scheduling.SchedulingModule:
    public void <init>()
    abstract com.google.android.datatransport.runtime.scheduling.Scheduler scheduler(com.google.android.datatransport.runtime.scheduling.DefaultScheduler)
com.google.android.exoplayer2.upstream.LoaderErrorThrower:
    public abstract void maybeThrowError(int)
com.google.common.base.CharMatcher$IsNot
com.google.android.gms.safetynet.SafeBrowsingData:
    public void <init>(java.lang.String)
    public void <init>(java.lang.String,com.google.android.gms.common.data.DataHolder)
    public void <init>(long,byte[])
    public void setBlacklists(byte[])
    public byte[] getBlacklists()
    public void setTempDir(java.io.File)
kotlin.ranges.ClosedFloatRange
androidx.core.view.accessibility.AccessibilityEventCompat
com.google.android.gms.auth.api.credentials.Credentials
com.google.protobuf.DescriptorProtos$SourceCodeInfo
com.google.protobuf.NullValue$NullValueVerifier